<?xml version="1.0" encoding="UTF-8"?>
<testsuite name="MyTest" tests="1" skipped="0" failures="0" errors="0" timestamp="2022-09-09T10:04:22" hostname="buyaolian.local" time="7.046">
  <properties/>
  <testcase name="test()" classname="MyTest" time="7.046"/>
  <system-out><![CDATA[JExtion{sites=[JProModel{whichPro='y0_sport', appName='亚博体育', appKey='t7ylri', appType='4001'}, JProModel{whichPro='y0_all', appName='亚博', appKey='tjmj6g', appType='4001'}, JProModel{whichPro='y1_sport', appName='爱游戏体育', appKey='tsaz3n', appType='1001'}, JProModel{whichPro='y1_all', appName='爱游戏', appKey='t06fut', appType='1001'}, JProModel{whichPro='y2_sport', appName='乐鱼体育', appKey='tps0ie', appType='2001'}, JProModel{whichPro='y2_all', appName='乐鱼', appKey='tqnc02', appType='2001'}, JProModel{whichPro='y3_sport', appName='华体会体育', appKey='t279ql', appType='3001'}, JProModel{whichPro='y3_all', appName='华体会', appKey='tg7ooa', appType='3001'}, JProModel{whichPro='y4_sport', appName='开云体育', appKey='tml0cj', appType='7001'}, JProModel{whichPro='y4_all', appName='开云', appKey='tvhaqf', appType='7001'}]}
=====>>item:JProModel{whichPro='y0_sport', appName='亚博体育', appKey='t7ylri', appType='4001'}=====>>item:JProModel{whichPro='y0_all', appName='亚博', appKey='tjmj6g', appType='4001'}=====>>item:JProModel{whichPro='y1_sport', appName='爱游戏体育', appKey='tsaz3n', appType='1001'}=====>>item:JProModel{whichPro='y1_all', appName='爱游戏', appKey='t06fut', appType='1001'}=====>>item:JProModel{whichPro='y2_sport', appName='乐鱼体育', appKey='tps0ie', appType='2001'}=====>>item:JProModel{whichPro='y2_all', appName='乐鱼', appKey='tqnc02', appType='2001'}=====>>item:JProModel{whichPro='y3_sport', appName='华体会体育', appKey='t279ql', appType='3001'}=====>>item:JProModel{whichPro='y3_all', appName='华体会', appKey='tg7ooa', appType='3001'}=====>>item:JProModel{whichPro='y4_sport', appName='开云体育', appKey='tml0cj', appType='7001'}=====>>item:JProModel{whichPro='y4_all', appName='开云', appKey='tvhaqf', appType='7001'}]]></system-out>
  <system-err><![CDATA[]]></system-err>
</testsuite>
